[0/2] Re-checking globbed directories...
ninja: no work to do.
[0/2] Re-checking globbed directories...
ninja: no work to do.
+0.002884000s Generating beacon from 00:00:00:00:00:02 linkID 0
+0.047341000s Generating beacon from 00:00:00:00:00:01 linkID 0
+0.105284000s Generating beacon from 00:00:00:00:00:02 linkID 0
+0.149741000s Generating beacon from 00:00:00:00:00:01 linkID 0
+0.207684000s Generating beacon from 00:00:00:00:00:02 linkID 0
+0.252141000s Generating beacon from 00:00:00:00:00:01 linkID 0
+0.310084000s Generating beacon from 00:00:00:00:00:02 linkID 0
+0.354541000s Generating beacon from 00:00:00:00:00:01 linkID 0
+0.412484000s Generating beacon from 00:00:00:00:00:02 linkID 0
+0.456941000s Generating beacon from 00:00:00:00:00:01 linkID 0
+0.514884000s Generating beacon from 00:00:00:00:00:02 linkID 0
+0.559341000s Generating beacon from 00:00:00:00:00:01 linkID 0
+0.617284000s Generating beacon from 00:00:00:00:00:02 linkID 0
+0.661741000s Generating beacon from 00:00:00:00:00:01 linkID 0
+0.719684000s Generating beacon from 00:00:00:00:00:02 linkID 0
+0.764141000s Generating beacon from 00:00:00:00:00:01 linkID 0
+0.822084000s Generating beacon from 00:00:00:00:00:02 linkID 0
+0.866541000s Generating beacon from 00:00:00:00:00:01 linkID 0
+0.924484000s Generating beacon from 00:00:00:00:00:02 linkID 0
+0.968941000s Generating beacon from 00:00:00:00:00:01 linkID 0
+1.026884000s Generating beacon from 00:00:00:00:00:02 linkID 0
+1.071341000s Generating beacon from 00:00:00:00:00:01 linkID 0
+1.129284000s Generating beacon from 00:00:00:00:00:02 linkID 0
+1.173741000s Generating beacon from 00:00:00:00:00:01 linkID 0
+1.231684000s Generating beacon from 00:00:00:00:00:02 linkID 0
+1.276141000s Generating beacon from 00:00:00:00:00:01 linkID 0
+1.334084000s Generating beacon from 00:00:00:00:00:02 linkID 0
+1.378541000s Generating beacon from 00:00:00:00:00:01 linkID 0
+1.436484000s Generating beacon from 00:00:00:00:00:02 linkID 0
+1.480941000s Generating beacon from 00:00:00:00:00:01 linkID 0
+1.538884000s Generating beacon from 00:00:00:00:00:02 linkID 0
+1.583341000s Generating beacon from 00:00:00:00:00:01 linkID 0
+1.641284000s Generating beacon from 00:00:00:00:00:02 linkID 0
+1.685741000s Generating beacon from 00:00:00:00:00:01 linkID 0
+1.743684000s Generating beacon from 00:00:00:00:00:02 linkID 0
+1.788141000s Generating beacon from 00:00:00:00:00:01 linkID 0
+1.846084000s Generating beacon from 00:00:00:00:00:02 linkID 0
+1.890541000s Generating beacon from 00:00:00:00:00:01 linkID 0
+1.948484000s Generating beacon from 00:00:00:00:00:02 linkID 0
+1.992941000s Generating beacon from 00:00:00:00:00:01 linkID 0
+2.050884000s Generating beacon from 00:00:00:00:00:02 linkID 0
+2.095341000s Generating beacon from 00:00:00:00:00:01 linkID 0
+2.153284000s Generating beacon from 00:00:00:00:00:02 linkID 0
+2.197741000s Generating beacon from 00:00:00:00:00:01 linkID 0
+2.255684000s Generating beacon from 00:00:00:00:00:02 linkID 0
+2.300141000s Generating beacon from 00:00:00:00:00:01 linkID 0
+2.358084000s Generating beacon from 00:00:00:00:00:02 linkID 0
+2.402541000s Generating beacon from 00:00:00:00:00:01 linkID 0
+2.460484000s Generating beacon from 00:00:00:00:00:02 linkID 0
+2.504941000s Generating beacon from 00:00:00:00:00:01 linkID 0
+2.562884000s Generating beacon from 00:00:00:00:00:02 linkID 0
+2.607341000s Generating beacon from 00:00:00:00:00:01 linkID 0
+2.665284000s Generating beacon from 00:00:00:00:00:02 linkID 0
+2.709741000s Generating beacon from 00:00:00:00:00:01 linkID 0
+2.767684000s Generating beacon from 00:00:00:00:00:02 linkID 0
+2.812141000s Generating beacon from 00:00:00:00:00:01 linkID 0
+2.870084000s Generating beacon from 00:00:00:00:00:02 linkID 0
+2.914541000s Generating beacon from 00:00:00:00:00:01 linkID 0
+2.972484000s Generating beacon from 00:00:00:00:00:02 linkID 0
+3.016941000s Generating beacon from 00:00:00:00:00:01 linkID 0
+3.074884000s Generating beacon from 00:00:00:00:00:02 linkID 0
+3.119341000s Generating beacon from 00:00:00:00:00:01 linkID 0
+3.177284000s Generating beacon from 00:00:00:00:00:02 linkID 0
+3.221741000s Generating beacon from 00:00:00:00:00:01 linkID 0
+3.279684000s Generating beacon from 00:00:00:00:00:02 linkID 0
+3.324141000s Generating beacon from 00:00:00:00:00:01 linkID 0
+3.382084000s Generating beacon from 00:00:00:00:00:02 linkID 0
+3.426541000s Generating beacon from 00:00:00:00:00:01 linkID 0
+3.484484000s Generating beacon from 00:00:00:00:00:02 linkID 0
+3.528941000s Generating beacon from 00:00:00:00:00:01 linkID 0
+3.586884000s Generating beacon from 00:00:00:00:00:02 linkID 0
+3.631341000s Generating beacon from 00:00:00:00:00:01 linkID 0
+3.689284000s Generating beacon from 00:00:00:00:00:02 linkID 0
+3.733741000s Generating beacon from 00:00:00:00:00:01 linkID 0
+3.791684000s Generating beacon from 00:00:00:00:00:02 linkID 0
+3.836141000s Generating beacon from 00:00:00:00:00:01 linkID 0
+3.894084000s Generating beacon from 00:00:00:00:00:02 linkID 0
+3.938541000s Generating beacon from 00:00:00:00:00:01 linkID 0
+3.996484000s Generating beacon from 00:00:00:00:00:02 linkID 0
+4.040941000s Generating beacon from 00:00:00:00:00:01 linkID 0
+4.098884000s Generating beacon from 00:00:00:00:00:02 linkID 0
+4.143341000s Generating beacon from 00:00:00:00:00:01 linkID 0
+4.201284000s Generating beacon from 00:00:00:00:00:02 linkID 0
+4.245741000s Generating beacon from 00:00:00:00:00:01 linkID 0
+4.303684000s Generating beacon from 00:00:00:00:00:02 linkID 0
+4.348141000s Generating beacon from 00:00:00:00:00:01 linkID 0
+4.406084000s Generating beacon from 00:00:00:00:00:02 linkID 0
+4.450541000s Generating beacon from 00:00:00:00:00:01 linkID 0
+4.508484000s Generating beacon from 00:00:00:00:00:02 linkID 0
+4.552941000s Generating beacon from 00:00:00:00:00:01 linkID 0
+4.610884000s Generating beacon from 00:00:00:00:00:02 linkID 0
+4.655341000s Generating beacon from 00:00:00:00:00:01 linkID 0
+4.713284000s Generating beacon from 00:00:00:00:00:02 linkID 0
+4.757741000s Generating beacon from 00:00:00:00:00:01 linkID 0
+4.815684000s Generating beacon from 00:00:00:00:00:02 linkID 0
+4.860141000s Generating beacon from 00:00:00:00:00:01 linkID 0
+4.918084000s Generating beacon from 00:00:00:00:00:02 linkID 0
+4.962541000s Generating beacon from 00:00:00:00:00:01 linkID 0
+5.020484000s Generating beacon from 00:00:00:00:00:02 linkID 0
+5.064941000s Generating beacon from 00:00:00:00:00:01 linkID 0
+5.122884000s Generating beacon from 00:00:00:00:00:02 linkID 0
+5.167341000s Generating beacon from 00:00:00:00:00:01 linkID 0
+5.225284000s Generating beacon from 00:00:00:00:00:02 linkID 0
+5.269741000s Generating beacon from 00:00:00:00:00:01 linkID 0
+5.327684000s Generating beacon from 00:00:00:00:00:02 linkID 0
+5.372141000s Generating beacon from 00:00:00:00:00:01 linkID 0
+5.430084000s Generating beacon from 00:00:00:00:00:02 linkID 0
+5.474541000s Generating beacon from 00:00:00:00:00:01 linkID 0
+5.532484000s Generating beacon from 00:00:00:00:00:02 linkID 0
+5.576941000s Generating beacon from 00:00:00:00:00:01 linkID 0
+5.634884000s Generating beacon from 00:00:00:00:00:02 linkID 0
+5.679341000s Generating beacon from 00:00:00:00:00:01 linkID 0
+5.737284000s Generating beacon from 00:00:00:00:00:02 linkID 0
+5.781741000s Generating beacon from 00:00:00:00:00:01 linkID 0
+5.839684000s Generating beacon from 00:00:00:00:00:02 linkID 0
+5.884141000s Generating beacon from 00:00:00:00:00:01 linkID 0
+5.942084000s Generating beacon from 00:00:00:00:00:02 linkID 0
+5.986541000s Generating beacon from 00:00:00:00:00:01 linkID 0
+6.044484000s Generating beacon from 00:00:00:00:00:02 linkID 0
+6.088941000s Generating beacon from 00:00:00:00:00:01 linkID 0
+6.146884000s Generating beacon from 00:00:00:00:00:02 linkID 0
+6.191341000s Generating beacon from 00:00:00:00:00:01 linkID 0
+6.249284000s Generating beacon from 00:00:00:00:00:02 linkID 0
+6.293741000s Generating beacon from 00:00:00:00:00:01 linkID 0
+6.351684000s Generating beacon from 00:00:00:00:00:02 linkID 0
+6.396141000s Generating beacon from 00:00:00:00:00:01 linkID 0
+6.454084000s Generating beacon from 00:00:00:00:00:02 linkID 0
+6.498541000s Generating beacon from 00:00:00:00:00:01 linkID 0
+6.556484000s Generating beacon from 00:00:00:00:00:02 linkID 0
+6.600941000s Generating beacon from 00:00:00:00:00:01 linkID 0
+6.658884000s Generating beacon from 00:00:00:00:00:02 linkID 0
+6.703341000s Generating beacon from 00:00:00:00:00:01 linkID 0
+6.761284000s Generating beacon from 00:00:00:00:00:02 linkID 0
+6.805741000s Generating beacon from 00:00:00:00:00:01 linkID 0
+6.863684000s Generating beacon from 00:00:00:00:00:02 linkID 0
+6.908141000s Generating beacon from 00:00:00:00:00:01 linkID 0
+6.966084000s Generating beacon from 00:00:00:00:00:02 linkID 0
+7.010541000s Generating beacon from 00:00:00:00:00:01 linkID 0
+7.068484000s Generating beacon from 00:00:00:00:00:02 linkID 0
+7.112941000s Generating beacon from 00:00:00:00:00:01 linkID 0
+7.170884000s Generating beacon from 00:00:00:00:00:02 linkID 0
+7.215341000s Generating beacon from 00:00:00:00:00:01 linkID 0
+7.273284000s Generating beacon from 00:00:00:00:00:02 linkID 0
+7.317741000s Generating beacon from 00:00:00:00:00:01 linkID 0
+7.375684000s Generating beacon from 00:00:00:00:00:02 linkID 0
+7.420141000s Generating beacon from 00:00:00:00:00:01 linkID 0
+7.478084000s Generating beacon from 00:00:00:00:00:02 linkID 0
+7.522541000s Generating beacon from 00:00:00:00:00:01 linkID 0
+7.580484000s Generating beacon from 00:00:00:00:00:02 linkID 0
+7.624941000s Generating beacon from 00:00:00:00:00:01 linkID 0
+7.682884000s Generating beacon from 00:00:00:00:00:02 linkID 0
+7.727341000s Generating beacon from 00:00:00:00:00:01 linkID 0
+7.785284000s Generating beacon from 00:00:00:00:00:02 linkID 0
+7.829741000s Generating beacon from 00:00:00:00:00:01 linkID 0
+7.887684000s Generating beacon from 00:00:00:00:00:02 linkID 0
+7.932141000s Generating beacon from 00:00:00:00:00:01 linkID 0
+7.990084000s Generating beacon from 00:00:00:00:00:02 linkID 0
+8.034541000s Generating beacon from 00:00:00:00:00:01 linkID 0
+8.092484000s Generating beacon from 00:00:00:00:00:02 linkID 0
+8.136941000s Generating beacon from 00:00:00:00:00:01 linkID 0
+8.194884000s Generating beacon from 00:00:00:00:00:02 linkID 0
+8.239341000s Generating beacon from 00:00:00:00:00:01 linkID 0
+8.297284000s Generating beacon from 00:00:00:00:00:02 linkID 0
+8.341741000s Generating beacon from 00:00:00:00:00:01 linkID 0
+8.399684000s Generating beacon from 00:00:00:00:00:02 linkID 0
+8.444141000s Generating beacon from 00:00:00:00:00:01 linkID 0
+8.502084000s Generating beacon from 00:00:00:00:00:02 linkID 0
+8.546541000s Generating beacon from 00:00:00:00:00:01 linkID 0
+8.604484000s Generating beacon from 00:00:00:00:00:02 linkID 0
+8.648941000s Generating beacon from 00:00:00:00:00:01 linkID 0
+8.706884000s Generating beacon from 00:00:00:00:00:02 linkID 0
+8.751341000s Generating beacon from 00:00:00:00:00:01 linkID 0
+8.809284000s Generating beacon from 00:00:00:00:00:02 linkID 0
+8.853741000s Generating beacon from 00:00:00:00:00:01 linkID 0
+8.911684000s Generating beacon from 00:00:00:00:00:02 linkID 0
+8.956141000s Generating beacon from 00:00:00:00:00:01 linkID 0
+9.014084000s Generating beacon from 00:00:00:00:00:02 linkID 0
+9.058541000s Generating beacon from 00:00:00:00:00:01 linkID 0
+9.116484000s Generating beacon from 00:00:00:00:00:02 linkID 0
+9.160941000s Generating beacon from 00:00:00:00:00:01 linkID 0
+9.218884000s Generating beacon from 00:00:00:00:00:02 linkID 0
+9.263341000s Generating beacon from 00:00:00:00:00:01 linkID 0
+9.321284000s Generating beacon from 00:00:00:00:00:02 linkID 0
+9.365741000s Generating beacon from 00:00:00:00:00:01 linkID 0
+9.423684000s Generating beacon from 00:00:00:00:00:02 linkID 0
+9.468141000s Generating beacon from 00:00:00:00:00:01 linkID 0
+9.526084000s Generating beacon from 00:00:00:00:00:02 linkID 0
+9.570541000s Generating beacon from 00:00:00:00:00:01 linkID 0
+9.628484000s Generating beacon from 00:00:00:00:00:02 linkID 0
+9.672941000s Generating beacon from 00:00:00:00:00:01 linkID 0
+9.730884000s Generating beacon from 00:00:00:00:00:02 linkID 0
+9.775341000s Generating beacon from 00:00:00:00:00:01 linkID 0
+9.833284000s Generating beacon from 00:00:00:00:00:02 linkID 0
+9.877741000s Generating beacon from 00:00:00:00:00:01 linkID 0
+9.935684000s Generating beacon from 00:00:00:00:00:02 linkID 0
+9.980141000s Generating beacon from 00:00:00:00:00:01 linkID 0
+10.038084000s Generating beacon from 00:00:00:00:00:02 linkID 0
+10.082541000s Generating beacon from 00:00:00:00:00:01 linkID 0
+10.140484000s Generating beacon from 00:00:00:00:00:02 linkID 0
+10.184941000s Generating beacon from 00:00:00:00:00:01 linkID 0
+10.242884000s Generating beacon from 00:00:00:00:00:02 linkID 0
+10.287341000s Generating beacon from 00:00:00:00:00:01 linkID 0
+10.345284000s Generating beacon from 00:00:00:00:00:02 linkID 0
+10.389741000s Generating beacon from 00:00:00:00:00:01 linkID 0
+10.447684000s Generating beacon from 00:00:00:00:00:02 linkID 0
+10.492141000s Generating beacon from 00:00:00:00:00:01 linkID 0
+10.550084000s Generating beacon from 00:00:00:00:00:02 linkID 0
+10.594541000s Generating beacon from 00:00:00:00:00:01 linkID 0
+10.652484000s Generating beacon from 00:00:00:00:00:02 linkID 0
+10.696941000s Generating beacon from 00:00:00:00:00:01 linkID 0
+10.754884000s Generating beacon from 00:00:00:00:00:02 linkID 0
+10.799341000s Generating beacon from 00:00:00:00:00:01 linkID 0
+10.857284000s Generating beacon from 00:00:00:00:00:02 linkID 0
+10.901741000s Generating beacon from 00:00:00:00:00:01 linkID 0
+10.959684000s Generating beacon from 00:00:00:00:00:02 linkID 0
+11.004141000s Generating beacon from 00:00:00:00:00:01 linkID 0
+11.062084000s Generating beacon from 00:00:00:00:00:02 linkID 0
+11.106541000s Generating beacon from 00:00:00:00:00:01 linkID 0
+11.164484000s Generating beacon from 00:00:00:00:00:02 linkID 0
+11.208941000s Generating beacon from 00:00:00:00:00:01 linkID 0
+11.266884000s Generating beacon from 00:00:00:00:00:02 linkID 0
+11.311341000s Generating beacon from 00:00:00:00:00:01 linkID 0
+11.369284000s Generating beacon from 00:00:00:00:00:02 linkID 0
+11.413741000s Generating beacon from 00:00:00:00:00:01 linkID 0
+11.471684000s Generating beacon from 00:00:00:00:00:02 linkID 0
+11.516141000s Generating beacon from 00:00:00:00:00:01 linkID 0
+11.574084000s Generating beacon from 00:00:00:00:00:02 linkID 0
+11.618541000s Generating beacon from 00:00:00:00:00:01 linkID 0
+11.676484000s Generating beacon from 00:00:00:00:00:02 linkID 0
+11.720941000s Generating beacon from 00:00:00:00:00:01 linkID 0
+11.778884000s Generating beacon from 00:00:00:00:00:02 linkID 0
+11.823341000s Generating beacon from 00:00:00:00:00:01 linkID 0
+11.881284000s Generating beacon from 00:00:00:00:00:02 linkID 0
+11.925741000s Generating beacon from 00:00:00:00:00:01 linkID 0
+11.983684000s Generating beacon from 00:00:00:00:00:02 linkID 0
+12.028141000s Generating beacon from 00:00:00:00:00:01 linkID 0
+12.086084000s Generating beacon from 00:00:00:00:00:02 linkID 0
+12.130541000s Generating beacon from 00:00:00:00:00:01 linkID 0
+12.188484000s Generating beacon from 00:00:00:00:00:02 linkID 0
+12.232941000s Generating beacon from 00:00:00:00:00:01 linkID 0
+12.290884000s Generating beacon from 00:00:00:00:00:02 linkID 0
+12.335341000s Generating beacon from 00:00:00:00:00:01 linkID 0
+12.393284000s Generating beacon from 00:00:00:00:00:02 linkID 0
+12.437741000s Generating beacon from 00:00:00:00:00:01 linkID 0
+12.495684000s Generating beacon from 00:00:00:00:00:02 linkID 0
+12.540141000s Generating beacon from 00:00:00:00:00:01 linkID 0
+12.598084000s Generating beacon from 00:00:00:00:00:02 linkID 0
+12.642541000s Generating beacon from 00:00:00:00:00:01 linkID 0
+12.700484000s Generating beacon from 00:00:00:00:00:02 linkID 0
+12.744941000s Generating beacon from 00:00:00:00:00:01 linkID 0
+12.802884000s Generating beacon from 00:00:00:00:00:02 linkID 0
+12.847341000s Generating beacon from 00:00:00:00:00:01 linkID 0
+12.905284000s Generating beacon from 00:00:00:00:00:02 linkID 0
+12.949741000s Generating beacon from 00:00:00:00:00:01 linkID 0
+13.007684000s Generating beacon from 00:00:00:00:00:02 linkID 0
+13.052141000s Generating beacon from 00:00:00:00:00:01 linkID 0
+13.110084000s Generating beacon from 00:00:00:00:00:02 linkID 0
+13.154541000s Generating beacon from 00:00:00:00:00:01 linkID 0
+13.212484000s Generating beacon from 00:00:00:00:00:02 linkID 0
+13.256941000s Generating beacon from 00:00:00:00:00:01 linkID 0
+13.314884000s Generating beacon from 00:00:00:00:00:02 linkID 0
+13.359341000s Generating beacon from 00:00:00:00:00:01 linkID 0
+13.417284000s Generating beacon from 00:00:00:00:00:02 linkID 0
+13.461741000s Generating beacon from 00:00:00:00:00:01 linkID 0
+13.519684000s Generating beacon from 00:00:00:00:00:02 linkID 0
+13.564141000s Generating beacon from 00:00:00:00:00:01 linkID 0
+13.622084000s Generating beacon from 00:00:00:00:00:02 linkID 0
+13.666541000s Generating beacon from 00:00:00:00:00:01 linkID 0
+13.724484000s Generating beacon from 00:00:00:00:00:02 linkID 0
+13.768941000s Generating beacon from 00:00:00:00:00:01 linkID 0
+13.826884000s Generating beacon from 00:00:00:00:00:02 linkID 0
+13.871341000s Generating beacon from 00:00:00:00:00:01 linkID 0
+13.929284000s Generating beacon from 00:00:00:00:00:02 linkID 0
+13.973741000s Generating beacon from 00:00:00:00:00:01 linkID 0
+14.031684000s Generating beacon from 00:00:00:00:00:02 linkID 0
+14.076141000s Generating beacon from 00:00:00:00:00:01 linkID 0
+14.134084000s Generating beacon from 00:00:00:00:00:02 linkID 0
+14.178541000s Generating beacon from 00:00:00:00:00:01 linkID 0
+14.236484000s Generating beacon from 00:00:00:00:00:02 linkID 0
+14.280941000s Generating beacon from 00:00:00:00:00:01 linkID 0
+14.338884000s Generating beacon from 00:00:00:00:00:02 linkID 0
+14.383341000s Generating beacon from 00:00:00:00:00:01 linkID 0
+14.441284000s Generating beacon from 00:00:00:00:00:02 linkID 0
+14.485741000s Generating beacon from 00:00:00:00:00:01 linkID 0
+14.543684000s Generating beacon from 00:00:00:00:00:02 linkID 0
+14.588141000s Generating beacon from 00:00:00:00:00:01 linkID 0
+14.646084000s Generating beacon from 00:00:00:00:00:02 linkID 0
+14.690541000s Generating beacon from 00:00:00:00:00:01 linkID 0
+14.748484000s Generating beacon from 00:00:00:00:00:02 linkID 0
+14.792941000s Generating beacon from 00:00:00:00:00:01 linkID 0
+14.850884000s Generating beacon from 00:00:00:00:00:02 linkID 0
+14.895341000s Generating beacon from 00:00:00:00:00:01 linkID 0
+14.953284000s Generating beacon from 00:00:00:00:00:02 linkID 0
+14.997741000s Generating beacon from 00:00:00:00:00:01 linkID 0
+15.055684000s Generating beacon from 00:00:00:00:00:02 linkID 0
+15.100141000s Generating beacon from 00:00:00:00:00:01 linkID 0
+15.158084000s Generating beacon from 00:00:00:00:00:02 linkID 0
+15.202541000s Generating beacon from 00:00:00:00:00:01 linkID 0
+15.260484000s Generating beacon from 00:00:00:00:00:02 linkID 0
+15.304941000s Generating beacon from 00:00:00:00:00:01 linkID 0
+15.362884000s Generating beacon from 00:00:00:00:00:02 linkID 0
+15.407341000s Generating beacon from 00:00:00:00:00:01 linkID 0
+15.465284000s Generating beacon from 00:00:00:00:00:02 linkID 0
+15.509741000s Generating beacon from 00:00:00:00:00:01 linkID 0
+15.567684000s Generating beacon from 00:00:00:00:00:02 linkID 0
+15.612141000s Generating beacon from 00:00:00:00:00:01 linkID 0
+15.670084000s Generating beacon from 00:00:00:00:00:02 linkID 0
+15.714541000s Generating beacon from 00:00:00:00:00:01 linkID 0
+15.772484000s Generating beacon from 00:00:00:00:00:02 linkID 0
+15.816941000s Generating beacon from 00:00:00:00:00:01 linkID 0
+15.874884000s Generating beacon from 00:00:00:00:00:02 linkID 0
+15.919341000s Generating beacon from 00:00:00:00:00:01 linkID 0
+15.977284000s Generating beacon from 00:00:00:00:00:02 linkID 0
+16.021741000s Generating beacon from 00:00:00:00:00:01 linkID 0
+16.079684000s Generating beacon from 00:00:00:00:00:02 linkID 0
+16.124141000s Generating beacon from 00:00:00:00:00:01 linkID 0
+16.182084000s Generating beacon from 00:00:00:00:00:02 linkID 0
+16.226541000s Generating beacon from 00:00:00:00:00:01 linkID 0
+16.284484000s Generating beacon from 00:00:00:00:00:02 linkID 0
+16.328941000s Generating beacon from 00:00:00:00:00:01 linkID 0
+16.386884000s Generating beacon from 00:00:00:00:00:02 linkID 0
+16.431341000s Generating beacon from 00:00:00:00:00:01 linkID 0
+16.489284000s Generating beacon from 00:00:00:00:00:02 linkID 0
+16.533741000s Generating beacon from 00:00:00:00:00:01 linkID 0
+16.591684000s Generating beacon from 00:00:00:00:00:02 linkID 0
+16.636141000s Generating beacon from 00:00:00:00:00:01 linkID 0
+16.694084000s Generating beacon from 00:00:00:00:00:02 linkID 0
+16.738541000s Generating beacon from 00:00:00:00:00:01 linkID 0
+16.796484000s Generating beacon from 00:00:00:00:00:02 linkID 0
+16.840941000s Generating beacon from 00:00:00:00:00:01 linkID 0
+16.898884000s Generating beacon from 00:00:00:00:00:02 linkID 0
+16.943341000s Generating beacon from 00:00:00:00:00:01 linkID 0
+17.001284000s Generating beacon from 00:00:00:00:00:02 linkID 0
+17.045741000s Generating beacon from 00:00:00:00:00:01 linkID 0
+17.103684000s Generating beacon from 00:00:00:00:00:02 linkID 0
+17.148141000s Generating beacon from 00:00:00:00:00:01 linkID 0
+17.206084000s Generating beacon from 00:00:00:00:00:02 linkID 0
+17.250541000s Generating beacon from 00:00:00:00:00:01 linkID 0
+17.308484000s Generating beacon from 00:00:00:00:00:02 linkID 0
+17.352941000s Generating beacon from 00:00:00:00:00:01 linkID 0
+17.410884000s Generating beacon from 00:00:00:00:00:02 linkID 0
+17.455341000s Generating beacon from 00:00:00:00:00:01 linkID 0
+17.513284000s Generating beacon from 00:00:00:00:00:02 linkID 0
+17.557741000s Generating beacon from 00:00:00:00:00:01 linkID 0
+17.615684000s Generating beacon from 00:00:00:00:00:02 linkID 0
+17.660141000s Generating beacon from 00:00:00:00:00:01 linkID 0
+17.718084000s Generating beacon from 00:00:00:00:00:02 linkID 0
+17.762541000s Generating beacon from 00:00:00:00:00:01 linkID 0
+17.820484000s Generating beacon from 00:00:00:00:00:02 linkID 0
+17.864941000s Generating beacon from 00:00:00:00:00:01 linkID 0
+17.922884000s Generating beacon from 00:00:00:00:00:02 linkID 0
+17.967341000s Generating beacon from 00:00:00:00:00:01 linkID 0
+18.025284000s Generating beacon from 00:00:00:00:00:02 linkID 0
+18.069741000s Generating beacon from 00:00:00:00:00:01 linkID 0
+18.127684000s Generating beacon from 00:00:00:00:00:02 linkID 0
+18.172141000s Generating beacon from 00:00:00:00:00:01 linkID 0
+18.230084000s Generating beacon from 00:00:00:00:00:02 linkID 0
+18.274541000s Generating beacon from 00:00:00:00:00:01 linkID 0
+18.332484000s Generating beacon from 00:00:00:00:00:02 linkID 0
+18.376941000s Generating beacon from 00:00:00:00:00:01 linkID 0
+18.434884000s Generating beacon from 00:00:00:00:00:02 linkID 0
+18.479341000s Generating beacon from 00:00:00:00:00:01 linkID 0
+18.537284000s Generating beacon from 00:00:00:00:00:02 linkID 0
+18.581741000s Generating beacon from 00:00:00:00:00:01 linkID 0
+18.639684000s Generating beacon from 00:00:00:00:00:02 linkID 0
+18.684141000s Generating beacon from 00:00:00:00:00:01 linkID 0
+18.742084000s Generating beacon from 00:00:00:00:00:02 linkID 0
+18.786541000s Generating beacon from 00:00:00:00:00:01 linkID 0
+18.844484000s Generating beacon from 00:00:00:00:00:02 linkID 0
+18.888941000s Generating beacon from 00:00:00:00:00:01 linkID 0
+18.946884000s Generating beacon from 00:00:00:00:00:02 linkID 0
+18.991341000s Generating beacon from 00:00:00:00:00:01 linkID 0
+19.049284000s Generating beacon from 00:00:00:00:00:02 linkID 0
+19.093741000s Generating beacon from 00:00:00:00:00:01 linkID 0
+19.151684000s Generating beacon from 00:00:00:00:00:02 linkID 0
+19.196141000s Generating beacon from 00:00:00:00:00:01 linkID 0
+19.254084000s Generating beacon from 00:00:00:00:00:02 linkID 0
+19.298541000s Generating beacon from 00:00:00:00:00:01 linkID 0
+19.356484000s Generating beacon from 00:00:00:00:00:02 linkID 0
+19.400941000s Generating beacon from 00:00:00:00:00:01 linkID 0
+19.458884000s Generating beacon from 00:00:00:00:00:02 linkID 0
+19.503341000s Generating beacon from 00:00:00:00:00:01 linkID 0
+19.561284000s Generating beacon from 00:00:00:00:00:02 linkID 0
+19.605741000s Generating beacon from 00:00:00:00:00:01 linkID 0
+19.663684000s Generating beacon from 00:00:00:00:00:02 linkID 0
+19.708141000s Generating beacon from 00:00:00:00:00:01 linkID 0
+19.766084000s Generating beacon from 00:00:00:00:00:02 linkID 0
+19.810541000s Generating beacon from 00:00:00:00:00:01 linkID 0
+19.868484000s Generating beacon from 00:00:00:00:00:02 linkID 0
+19.912941000s Generating beacon from 00:00:00:00:00:01 linkID 0
+19.970884000s Generating beacon from 00:00:00:00:00:02 linkID 0
+20.015341000s Generating beacon from 00:00:00:00:00:01 linkID 0
+20.073284000s Generating beacon from 00:00:00:00:00:02 linkID 0
+20.117741000s Generating beacon from 00:00:00:00:00:01 linkID 0
+20.175684000s Generating beacon from 00:00:00:00:00:02 linkID 0
+20.220141000s Generating beacon from 00:00:00:00:00:01 linkID 0
+20.278084000s Generating beacon from 00:00:00:00:00:02 linkID 0
+20.322541000s Generating beacon from 00:00:00:00:00:01 linkID 0
+20.380484000s Generating beacon from 00:00:00:00:00:02 linkID 0
+20.424941000s Generating beacon from 00:00:00:00:00:01 linkID 0
+20.482884000s Generating beacon from 00:00:00:00:00:02 linkID 0
+20.527341000s Generating beacon from 00:00:00:00:00:01 linkID 0
+20.585284000s Generating beacon from 00:00:00:00:00:02 linkID 0
+20.629741000s Generating beacon from 00:00:00:00:00:01 linkID 0
+20.687684000s Generating beacon from 00:00:00:00:00:02 linkID 0
+20.732141000s Generating beacon from 00:00:00:00:00:01 linkID 0
+20.790084000s Generating beacon from 00:00:00:00:00:02 linkID 0
+20.834541000s Generating beacon from 00:00:00:00:00:01 linkID 0
+20.892484000s Generating beacon from 00:00:00:00:00:02 linkID 0
+20.936941000s Generating beacon from 00:00:00:00:00:01 linkID 0
+20.994884000s Generating beacon from 00:00:00:00:00:02 linkID 0
+21.039341000s Generating beacon from 00:00:00:00:00:01 linkID 0
+21.097284000s Generating beacon from 00:00:00:00:00:02 linkID 0
+21.141741000s Generating beacon from 00:00:00:00:00:01 linkID 0
+21.199684000s Generating beacon from 00:00:00:00:00:02 linkID 0
+21.244141000s Generating beacon from 00:00:00:00:00:01 linkID 0
+21.302084000s Generating beacon from 00:00:00:00:00:02 linkID 0
+21.346541000s Generating beacon from 00:00:00:00:00:01 linkID 0
+21.404484000s Generating beacon from 00:00:00:00:00:02 linkID 0
+21.448941000s Generating beacon from 00:00:00:00:00:01 linkID 0
+21.506884000s Generating beacon from 00:00:00:00:00:02 linkID 0
+21.551341000s Generating beacon from 00:00:00:00:00:01 linkID 0
+21.609284000s Generating beacon from 00:00:00:00:00:02 linkID 0
+21.653741000s Generating beacon from 00:00:00:00:00:01 linkID 0
+21.711684000s Generating beacon from 00:00:00:00:00:02 linkID 0
+21.756141000s Generating beacon from 00:00:00:00:00:01 linkID 0
+21.814084000s Generating beacon from 00:00:00:00:00:02 linkID 0
+21.858541000s Generating beacon from 00:00:00:00:00:01 linkID 0
+21.916484000s Generating beacon from 00:00:00:00:00:02 linkID 0
+21.960941000s Generating beacon from 00:00:00:00:00:01 linkID 0
+22.018884000s Generating beacon from 00:00:00:00:00:02 linkID 0
+22.063341000s Generating beacon from 00:00:00:00:00:01 linkID 0
+22.121284000s Generating beacon from 00:00:00:00:00:02 linkID 0
+22.165741000s Generating beacon from 00:00:00:00:00:01 linkID 0
+22.223684000s Generating beacon from 00:00:00:00:00:02 linkID 0
+22.268141000s Generating beacon from 00:00:00:00:00:01 linkID 0
+22.326084000s Generating beacon from 00:00:00:00:00:02 linkID 0
+22.370541000s Generating beacon from 00:00:00:00:00:01 linkID 0
+22.428484000s Generating beacon from 00:00:00:00:00:02 linkID 0
+22.472941000s Generating beacon from 00:00:00:00:00:01 linkID 0
+22.530884000s Generating beacon from 00:00:00:00:00:02 linkID 0
+22.575341000s Generating beacon from 00:00:00:00:00:01 linkID 0
+22.633284000s Generating beacon from 00:00:00:00:00:02 linkID 0
+22.677741000s Generating beacon from 00:00:00:00:00:01 linkID 0
+22.735684000s Generating beacon from 00:00:00:00:00:02 linkID 0
+22.780141000s Generating beacon from 00:00:00:00:00:01 linkID 0
+22.838084000s Generating beacon from 00:00:00:00:00:02 linkID 0
+22.882541000s Generating beacon from 00:00:00:00:00:01 linkID 0
+22.940484000s Generating beacon from 00:00:00:00:00:02 linkID 0
+22.984941000s Generating beacon from 00:00:00:00:00:01 linkID 0
+23.042884000s Generating beacon from 00:00:00:00:00:02 linkID 0
+23.087341000s Generating beacon from 00:00:00:00:00:01 linkID 0
+23.145284000s Generating beacon from 00:00:00:00:00:02 linkID 0
+23.189741000s Generating beacon from 00:00:00:00:00:01 linkID 0
+23.247684000s Generating beacon from 00:00:00:00:00:02 linkID 0
+23.292141000s Generating beacon from 00:00:00:00:00:01 linkID 0
+23.350084000s Generating beacon from 00:00:00:00:00:02 linkID 0
+23.394541000s Generating beacon from 00:00:00:00:00:01 linkID 0
+23.452484000s Generating beacon from 00:00:00:00:00:02 linkID 0
+23.496941000s Generating beacon from 00:00:00:00:00:01 linkID 0
[P6] Trigger roam: StartScanning()
NS_ASSERT failed, cond="apInfo.m_linkId < m_scanParams.channelList.size()", +23.500000000s -1 file=/home/lord/ns-3/src/wifi/model/wifi-assoc-manager.cc, line=161
NS_FATAL, terminating
   0# ns3::WifiAssocManager::MatchScanParams(ns3::StaWifiMac::ApInfo const&) const at /home/lord/ns-3/src/wifi/model/wifi-assoc-manager.cc:161
   1# ns3::WifiAssocManager::StartScanning(ns3::WifiScanParams&&) at /home/lord/ns-3/src/wifi/model/wifi-assoc-manager.cc:183
   2# BestApRoamer::TriggerScan() at /home/lord/ns-3/scratch/p6_roaming_multi_ap.cc:696
   3# BestApRoamer::Tick() at /home/lord/ns-3/scratch/p6_roaming_multi_ap.cc:762
   4# ns3::DefaultSimulatorImpl::ProcessOneEvent() at /home/lord/ns-3/src/core/model/default-simulator-impl.cc:131
   5# ns3::DefaultSimulatorImpl::Run() at /home/lord/ns-3/src/core/model/default-simulator-impl.cc:184
   6# main at /home/lord/ns-3/scratch/p6_roaming_multi_ap.cc:1239
   7# __libc_start_call_main at ../sysdeps/nptl/libc_start_call_main.h:58
   8# __libc_start_main_impl at ../csu/libc-start.c:360
   9# _start at :0
  10# 

terminate called without an active exception
Command 'build/scratch/ns3-dev-p6_roaming_multi_ap-default --simTime=30 --appStart=2 --moveStart=5 --apDistance=30 --staSpeed=1.0 --udpRate=20Mbps --pktSize=1200 --interval=0.5 --ssid=wifi6-ter --outDir=/home/lord/wifi-ter-sim/results/p6 --pcap=false --flowmon=true --seed=1 --run=2' died with <Signals.SIGABRT: 6>.
