[0/2] Re-checking globbed directories...
ninja: no work to do.
[0/2] Re-checking globbed directories...
ninja: no work to do.
+0.038107000s Generating beacon from 00:00:00:00:00:02 linkID 0
+0.084361000s Generating beacon from 00:00:00:00:00:01 linkID 0
+0.140507000s Generating beacon from 00:00:00:00:00:02 linkID 0
+0.186761000s Generating beacon from 00:00:00:00:00:01 linkID 0
+0.242907000s Generating beacon from 00:00:00:00:00:02 linkID 0
+0.289161000s Generating beacon from 00:00:00:00:00:01 linkID 0
+0.345307000s Generating beacon from 00:00:00:00:00:02 linkID 0
+0.391561000s Generating beacon from 00:00:00:00:00:01 linkID 0
+0.447707000s Generating beacon from 00:00:00:00:00:02 linkID 0
+0.493961000s Generating beacon from 00:00:00:00:00:01 linkID 0
+0.550107000s Generating beacon from 00:00:00:00:00:02 linkID 0
+0.596361000s Generating beacon from 00:00:00:00:00:01 linkID 0
+0.652507000s Generating beacon from 00:00:00:00:00:02 linkID 0
+0.698761000s Generating beacon from 00:00:00:00:00:01 linkID 0
+0.754907000s Generating beacon from 00:00:00:00:00:02 linkID 0
+0.801161000s Generating beacon from 00:00:00:00:00:01 linkID 0
+0.857307000s Generating beacon from 00:00:00:00:00:02 linkID 0
+0.903561000s Generating beacon from 00:00:00:00:00:01 linkID 0
+0.959707000s Generating beacon from 00:00:00:00:00:02 linkID 0
+1.005961000s Generating beacon from 00:00:00:00:00:01 linkID 0
+1.062107000s Generating beacon from 00:00:00:00:00:02 linkID 0
+1.108361000s Generating beacon from 00:00:00:00:00:01 linkID 0
+1.164507000s Generating beacon from 00:00:00:00:00:02 linkID 0
+1.210761000s Generating beacon from 00:00:00:00:00:01 linkID 0
+1.266907000s Generating beacon from 00:00:00:00:00:02 linkID 0
+1.313161000s Generating beacon from 00:00:00:00:00:01 linkID 0
+1.369307000s Generating beacon from 00:00:00:00:00:02 linkID 0
+1.415561000s Generating beacon from 00:00:00:00:00:01 linkID 0
+1.471707000s Generating beacon from 00:00:00:00:00:02 linkID 0
+1.517961000s Generating beacon from 00:00:00:00:00:01 linkID 0
+1.574107000s Generating beacon from 00:00:00:00:00:02 linkID 0
+1.620361000s Generating beacon from 00:00:00:00:00:01 linkID 0
+1.676507000s Generating beacon from 00:00:00:00:00:02 linkID 0
+1.722761000s Generating beacon from 00:00:00:00:00:01 linkID 0
+1.778907000s Generating beacon from 00:00:00:00:00:02 linkID 0
+1.825161000s Generating beacon from 00:00:00:00:00:01 linkID 0
+1.881307000s Generating beacon from 00:00:00:00:00:02 linkID 0
+1.927561000s Generating beacon from 00:00:00:00:00:01 linkID 0
+1.983707000s Generating beacon from 00:00:00:00:00:02 linkID 0
+2.029961000s Generating beacon from 00:00:00:00:00:01 linkID 0
+2.086107000s Generating beacon from 00:00:00:00:00:02 linkID 0
+2.132361000s Generating beacon from 00:00:00:00:00:01 linkID 0
+2.188507000s Generating beacon from 00:00:00:00:00:02 linkID 0
+2.234761000s Generating beacon from 00:00:00:00:00:01 linkID 0
+2.290907000s Generating beacon from 00:00:00:00:00:02 linkID 0
+2.337161000s Generating beacon from 00:00:00:00:00:01 linkID 0
+2.393307000s Generating beacon from 00:00:00:00:00:02 linkID 0
+2.439561000s Generating beacon from 00:00:00:00:00:01 linkID 0
+2.495707000s Generating beacon from 00:00:00:00:00:02 linkID 0
+2.541961000s Generating beacon from 00:00:00:00:00:01 linkID 0
+2.598107000s Generating beacon from 00:00:00:00:00:02 linkID 0
+2.644361000s Generating beacon from 00:00:00:00:00:01 linkID 0
+2.700507000s Generating beacon from 00:00:00:00:00:02 linkID 0
+2.746761000s Generating beacon from 00:00:00:00:00:01 linkID 0
+2.802907000s Generating beacon from 00:00:00:00:00:02 linkID 0
+2.849161000s Generating beacon from 00:00:00:00:00:01 linkID 0
+2.905307000s Generating beacon from 00:00:00:00:00:02 linkID 0
+2.951561000s Generating beacon from 00:00:00:00:00:01 linkID 0
+3.007707000s Generating beacon from 00:00:00:00:00:02 linkID 0
+3.053961000s Generating beacon from 00:00:00:00:00:01 linkID 0
+3.110107000s Generating beacon from 00:00:00:00:00:02 linkID 0
+3.156361000s Generating beacon from 00:00:00:00:00:01 linkID 0
+3.212507000s Generating beacon from 00:00:00:00:00:02 linkID 0
+3.258761000s Generating beacon from 00:00:00:00:00:01 linkID 0
+3.314907000s Generating beacon from 00:00:00:00:00:02 linkID 0
+3.361161000s Generating beacon from 00:00:00:00:00:01 linkID 0
+3.417307000s Generating beacon from 00:00:00:00:00:02 linkID 0
+3.463561000s Generating beacon from 00:00:00:00:00:01 linkID 0
+3.519707000s Generating beacon from 00:00:00:00:00:02 linkID 0
+3.565961000s Generating beacon from 00:00:00:00:00:01 linkID 0
+3.622107000s Generating beacon from 00:00:00:00:00:02 linkID 0
+3.668361000s Generating beacon from 00:00:00:00:00:01 linkID 0
+3.724507000s Generating beacon from 00:00:00:00:00:02 linkID 0
+3.770761000s Generating beacon from 00:00:00:00:00:01 linkID 0
+3.826907000s Generating beacon from 00:00:00:00:00:02 linkID 0
+3.873161000s Generating beacon from 00:00:00:00:00:01 linkID 0
+3.929307000s Generating beacon from 00:00:00:00:00:02 linkID 0
+3.975561000s Generating beacon from 00:00:00:00:00:01 linkID 0
+4.031707000s Generating beacon from 00:00:00:00:00:02 linkID 0
+4.077961000s Generating beacon from 00:00:00:00:00:01 linkID 0
+4.134107000s Generating beacon from 00:00:00:00:00:02 linkID 0
+4.180361000s Generating beacon from 00:00:00:00:00:01 linkID 0
+4.236507000s Generating beacon from 00:00:00:00:00:02 linkID 0
+4.282761000s Generating beacon from 00:00:00:00:00:01 linkID 0
+4.338907000s Generating beacon from 00:00:00:00:00:02 linkID 0
+4.385161000s Generating beacon from 00:00:00:00:00:01 linkID 0
+4.441307000s Generating beacon from 00:00:00:00:00:02 linkID 0
+4.487561000s Generating beacon from 00:00:00:00:00:01 linkID 0
+4.543707000s Generating beacon from 00:00:00:00:00:02 linkID 0
+4.589961000s Generating beacon from 00:00:00:00:00:01 linkID 0
+4.646107000s Generating beacon from 00:00:00:00:00:02 linkID 0
+4.692361000s Generating beacon from 00:00:00:00:00:01 linkID 0
+4.748507000s Generating beacon from 00:00:00:00:00:02 linkID 0
+4.794761000s Generating beacon from 00:00:00:00:00:01 linkID 0
+4.850907000s Generating beacon from 00:00:00:00:00:02 linkID 0
+4.897161000s Generating beacon from 00:00:00:00:00:01 linkID 0
+4.953307000s Generating beacon from 00:00:00:00:00:02 linkID 0
+4.999561000s Generating beacon from 00:00:00:00:00:01 linkID 0
+5.055707000s Generating beacon from 00:00:00:00:00:02 linkID 0
+5.101961000s Generating beacon from 00:00:00:00:00:01 linkID 0
+5.158107000s Generating beacon from 00:00:00:00:00:02 linkID 0
+5.204361000s Generating beacon from 00:00:00:00:00:01 linkID 0
+5.260507000s Generating beacon from 00:00:00:00:00:02 linkID 0
+5.306761000s Generating beacon from 00:00:00:00:00:01 linkID 0
+5.362907000s Generating beacon from 00:00:00:00:00:02 linkID 0
+5.409161000s Generating beacon from 00:00:00:00:00:01 linkID 0
+5.465307000s Generating beacon from 00:00:00:00:00:02 linkID 0
+5.511561000s Generating beacon from 00:00:00:00:00:01 linkID 0
+5.567707000s Generating beacon from 00:00:00:00:00:02 linkID 0
+5.613961000s Generating beacon from 00:00:00:00:00:01 linkID 0
+5.670107000s Generating beacon from 00:00:00:00:00:02 linkID 0
+5.716361000s Generating beacon from 00:00:00:00:00:01 linkID 0
+5.772507000s Generating beacon from 00:00:00:00:00:02 linkID 0
+5.818761000s Generating beacon from 00:00:00:00:00:01 linkID 0
+5.874907000s Generating beacon from 00:00:00:00:00:02 linkID 0
+5.921161000s Generating beacon from 00:00:00:00:00:01 linkID 0
+5.977307000s Generating beacon from 00:00:00:00:00:02 linkID 0
+6.023561000s Generating beacon from 00:00:00:00:00:01 linkID 0
+6.079707000s Generating beacon from 00:00:00:00:00:02 linkID 0
+6.125961000s Generating beacon from 00:00:00:00:00:01 linkID 0
+6.182107000s Generating beacon from 00:00:00:00:00:02 linkID 0
+6.228361000s Generating beacon from 00:00:00:00:00:01 linkID 0
+6.284507000s Generating beacon from 00:00:00:00:00:02 linkID 0
+6.330761000s Generating beacon from 00:00:00:00:00:01 linkID 0
+6.386907000s Generating beacon from 00:00:00:00:00:02 linkID 0
+6.433161000s Generating beacon from 00:00:00:00:00:01 linkID 0
+6.489307000s Generating beacon from 00:00:00:00:00:02 linkID 0
+6.535561000s Generating beacon from 00:00:00:00:00:01 linkID 0
+6.591707000s Generating beacon from 00:00:00:00:00:02 linkID 0
+6.637961000s Generating beacon from 00:00:00:00:00:01 linkID 0
+6.694107000s Generating beacon from 00:00:00:00:00:02 linkID 0
+6.740361000s Generating beacon from 00:00:00:00:00:01 linkID 0
+6.796507000s Generating beacon from 00:00:00:00:00:02 linkID 0
+6.842761000s Generating beacon from 00:00:00:00:00:01 linkID 0
+6.898907000s Generating beacon from 00:00:00:00:00:02 linkID 0
+6.945161000s Generating beacon from 00:00:00:00:00:01 linkID 0
+7.001307000s Generating beacon from 00:00:00:00:00:02 linkID 0
+7.047561000s Generating beacon from 00:00:00:00:00:01 linkID 0
+7.103707000s Generating beacon from 00:00:00:00:00:02 linkID 0
+7.149961000s Generating beacon from 00:00:00:00:00:01 linkID 0
+7.206107000s Generating beacon from 00:00:00:00:00:02 linkID 0
+7.252361000s Generating beacon from 00:00:00:00:00:01 linkID 0
+7.308507000s Generating beacon from 00:00:00:00:00:02 linkID 0
+7.354761000s Generating beacon from 00:00:00:00:00:01 linkID 0
+7.410907000s Generating beacon from 00:00:00:00:00:02 linkID 0
+7.457161000s Generating beacon from 00:00:00:00:00:01 linkID 0
+7.513307000s Generating beacon from 00:00:00:00:00:02 linkID 0
+7.559561000s Generating beacon from 00:00:00:00:00:01 linkID 0
+7.615707000s Generating beacon from 00:00:00:00:00:02 linkID 0
+7.661961000s Generating beacon from 00:00:00:00:00:01 linkID 0
+7.718107000s Generating beacon from 00:00:00:00:00:02 linkID 0
+7.764361000s Generating beacon from 00:00:00:00:00:01 linkID 0
+7.820507000s Generating beacon from 00:00:00:00:00:02 linkID 0
+7.866761000s Generating beacon from 00:00:00:00:00:01 linkID 0
+7.922907000s Generating beacon from 00:00:00:00:00:02 linkID 0
+7.969161000s Generating beacon from 00:00:00:00:00:01 linkID 0
+8.025307000s Generating beacon from 00:00:00:00:00:02 linkID 0
+8.071561000s Generating beacon from 00:00:00:00:00:01 linkID 0
+8.127707000s Generating beacon from 00:00:00:00:00:02 linkID 0
+8.173961000s Generating beacon from 00:00:00:00:00:01 linkID 0
+8.230107000s Generating beacon from 00:00:00:00:00:02 linkID 0
+8.276361000s Generating beacon from 00:00:00:00:00:01 linkID 0
+8.332507000s Generating beacon from 00:00:00:00:00:02 linkID 0
+8.378761000s Generating beacon from 00:00:00:00:00:01 linkID 0
+8.434907000s Generating beacon from 00:00:00:00:00:02 linkID 0
+8.481161000s Generating beacon from 00:00:00:00:00:01 linkID 0
+8.537307000s Generating beacon from 00:00:00:00:00:02 linkID 0
+8.583561000s Generating beacon from 00:00:00:00:00:01 linkID 0
+8.639707000s Generating beacon from 00:00:00:00:00:02 linkID 0
+8.685961000s Generating beacon from 00:00:00:00:00:01 linkID 0
+8.742107000s Generating beacon from 00:00:00:00:00:02 linkID 0
+8.788361000s Generating beacon from 00:00:00:00:00:01 linkID 0
+8.844507000s Generating beacon from 00:00:00:00:00:02 linkID 0
+8.890761000s Generating beacon from 00:00:00:00:00:01 linkID 0
+8.946907000s Generating beacon from 00:00:00:00:00:02 linkID 0
+8.993161000s Generating beacon from 00:00:00:00:00:01 linkID 0
+9.049307000s Generating beacon from 00:00:00:00:00:02 linkID 0
+9.095561000s Generating beacon from 00:00:00:00:00:01 linkID 0
+9.151707000s Generating beacon from 00:00:00:00:00:02 linkID 0
+9.197961000s Generating beacon from 00:00:00:00:00:01 linkID 0
+9.254107000s Generating beacon from 00:00:00:00:00:02 linkID 0
+9.300361000s Generating beacon from 00:00:00:00:00:01 linkID 0
+9.356507000s Generating beacon from 00:00:00:00:00:02 linkID 0
+9.402761000s Generating beacon from 00:00:00:00:00:01 linkID 0
+9.458907000s Generating beacon from 00:00:00:00:00:02 linkID 0
+9.505161000s Generating beacon from 00:00:00:00:00:01 linkID 0
+9.561307000s Generating beacon from 00:00:00:00:00:02 linkID 0
+9.607561000s Generating beacon from 00:00:00:00:00:01 linkID 0
+9.663707000s Generating beacon from 00:00:00:00:00:02 linkID 0
+9.709961000s Generating beacon from 00:00:00:00:00:01 linkID 0
+9.766107000s Generating beacon from 00:00:00:00:00:02 linkID 0
+9.812361000s Generating beacon from 00:00:00:00:00:01 linkID 0
+9.868507000s Generating beacon from 00:00:00:00:00:02 linkID 0
+9.914761000s Generating beacon from 00:00:00:00:00:01 linkID 0
+9.970907000s Generating beacon from 00:00:00:00:00:02 linkID 0
+10.017161000s Generating beacon from 00:00:00:00:00:01 linkID 0
+10.073307000s Generating beacon from 00:00:00:00:00:02 linkID 0
+10.119561000s Generating beacon from 00:00:00:00:00:01 linkID 0
+10.175707000s Generating beacon from 00:00:00:00:00:02 linkID 0
+10.221961000s Generating beacon from 00:00:00:00:00:01 linkID 0
+10.278107000s Generating beacon from 00:00:00:00:00:02 linkID 0
+10.324361000s Generating beacon from 00:00:00:00:00:01 linkID 0
+10.380507000s Generating beacon from 00:00:00:00:00:02 linkID 0
+10.426761000s Generating beacon from 00:00:00:00:00:01 linkID 0
+10.482907000s Generating beacon from 00:00:00:00:00:02 linkID 0
+10.529161000s Generating beacon from 00:00:00:00:00:01 linkID 0
+10.585307000s Generating beacon from 00:00:00:00:00:02 linkID 0
+10.631561000s Generating beacon from 00:00:00:00:00:01 linkID 0
+10.687707000s Generating beacon from 00:00:00:00:00:02 linkID 0
+10.733961000s Generating beacon from 00:00:00:00:00:01 linkID 0
+10.790107000s Generating beacon from 00:00:00:00:00:02 linkID 0
+10.836361000s Generating beacon from 00:00:00:00:00:01 linkID 0
+10.892507000s Generating beacon from 00:00:00:00:00:02 linkID 0
+10.938761000s Generating beacon from 00:00:00:00:00:01 linkID 0
+10.994907000s Generating beacon from 00:00:00:00:00:02 linkID 0
+11.041161000s Generating beacon from 00:00:00:00:00:01 linkID 0
+11.097307000s Generating beacon from 00:00:00:00:00:02 linkID 0
+11.143561000s Generating beacon from 00:00:00:00:00:01 linkID 0
+11.199707000s Generating beacon from 00:00:00:00:00:02 linkID 0
+11.245961000s Generating beacon from 00:00:00:00:00:01 linkID 0
+11.302107000s Generating beacon from 00:00:00:00:00:02 linkID 0
+11.348361000s Generating beacon from 00:00:00:00:00:01 linkID 0
+11.404507000s Generating beacon from 00:00:00:00:00:02 linkID 0
+11.450761000s Generating beacon from 00:00:00:00:00:01 linkID 0
+11.506907000s Generating beacon from 00:00:00:00:00:02 linkID 0
+11.553161000s Generating beacon from 00:00:00:00:00:01 linkID 0
+11.609307000s Generating beacon from 00:00:00:00:00:02 linkID 0
+11.655561000s Generating beacon from 00:00:00:00:00:01 linkID 0
+11.711707000s Generating beacon from 00:00:00:00:00:02 linkID 0
+11.757961000s Generating beacon from 00:00:00:00:00:01 linkID 0
+11.814107000s Generating beacon from 00:00:00:00:00:02 linkID 0
+11.860361000s Generating beacon from 00:00:00:00:00:01 linkID 0
+11.916507000s Generating beacon from 00:00:00:00:00:02 linkID 0
+11.962761000s Generating beacon from 00:00:00:00:00:01 linkID 0
+12.018907000s Generating beacon from 00:00:00:00:00:02 linkID 0
+12.065161000s Generating beacon from 00:00:00:00:00:01 linkID 0
+12.121307000s Generating beacon from 00:00:00:00:00:02 linkID 0
+12.167561000s Generating beacon from 00:00:00:00:00:01 linkID 0
+12.223707000s Generating beacon from 00:00:00:00:00:02 linkID 0
+12.269961000s Generating beacon from 00:00:00:00:00:01 linkID 0
+12.326107000s Generating beacon from 00:00:00:00:00:02 linkID 0
+12.372361000s Generating beacon from 00:00:00:00:00:01 linkID 0
+12.428507000s Generating beacon from 00:00:00:00:00:02 linkID 0
+12.474761000s Generating beacon from 00:00:00:00:00:01 linkID 0
+12.530907000s Generating beacon from 00:00:00:00:00:02 linkID 0
+12.577161000s Generating beacon from 00:00:00:00:00:01 linkID 0
+12.633307000s Generating beacon from 00:00:00:00:00:02 linkID 0
+12.679561000s Generating beacon from 00:00:00:00:00:01 linkID 0
+12.735707000s Generating beacon from 00:00:00:00:00:02 linkID 0
+12.781961000s Generating beacon from 00:00:00:00:00:01 linkID 0
+12.838107000s Generating beacon from 00:00:00:00:00:02 linkID 0
+12.884361000s Generating beacon from 00:00:00:00:00:01 linkID 0
+12.940507000s Generating beacon from 00:00:00:00:00:02 linkID 0
+12.986761000s Generating beacon from 00:00:00:00:00:01 linkID 0
+13.042907000s Generating beacon from 00:00:00:00:00:02 linkID 0
+13.089161000s Generating beacon from 00:00:00:00:00:01 linkID 0
+13.145307000s Generating beacon from 00:00:00:00:00:02 linkID 0
+13.191561000s Generating beacon from 00:00:00:00:00:01 linkID 0
+13.247707000s Generating beacon from 00:00:00:00:00:02 linkID 0
+13.293961000s Generating beacon from 00:00:00:00:00:01 linkID 0
+13.350107000s Generating beacon from 00:00:00:00:00:02 linkID 0
+13.396361000s Generating beacon from 00:00:00:00:00:01 linkID 0
+13.452507000s Generating beacon from 00:00:00:00:00:02 linkID 0
+13.498761000s Generating beacon from 00:00:00:00:00:01 linkID 0
+13.554907000s Generating beacon from 00:00:00:00:00:02 linkID 0
+13.601161000s Generating beacon from 00:00:00:00:00:01 linkID 0
+13.657307000s Generating beacon from 00:00:00:00:00:02 linkID 0
+13.703561000s Generating beacon from 00:00:00:00:00:01 linkID 0
+13.759707000s Generating beacon from 00:00:00:00:00:02 linkID 0
+13.805961000s Generating beacon from 00:00:00:00:00:01 linkID 0
+13.862107000s Generating beacon from 00:00:00:00:00:02 linkID 0
+13.908361000s Generating beacon from 00:00:00:00:00:01 linkID 0
+13.964507000s Generating beacon from 00:00:00:00:00:02 linkID 0
+14.010761000s Generating beacon from 00:00:00:00:00:01 linkID 0
+14.066907000s Generating beacon from 00:00:00:00:00:02 linkID 0
+14.113161000s Generating beacon from 00:00:00:00:00:01 linkID 0
+14.169307000s Generating beacon from 00:00:00:00:00:02 linkID 0
+14.215561000s Generating beacon from 00:00:00:00:00:01 linkID 0
+14.271707000s Generating beacon from 00:00:00:00:00:02 linkID 0
+14.317961000s Generating beacon from 00:00:00:00:00:01 linkID 0
+14.374107000s Generating beacon from 00:00:00:00:00:02 linkID 0
+14.420361000s Generating beacon from 00:00:00:00:00:01 linkID 0
+14.476507000s Generating beacon from 00:00:00:00:00:02 linkID 0
+14.522761000s Generating beacon from 00:00:00:00:00:01 linkID 0
+14.578907000s Generating beacon from 00:00:00:00:00:02 linkID 0
+14.625161000s Generating beacon from 00:00:00:00:00:01 linkID 0
+14.681307000s Generating beacon from 00:00:00:00:00:02 linkID 0
+14.727561000s Generating beacon from 00:00:00:00:00:01 linkID 0
+14.783707000s Generating beacon from 00:00:00:00:00:02 linkID 0
+14.829961000s Generating beacon from 00:00:00:00:00:01 linkID 0
+14.886107000s Generating beacon from 00:00:00:00:00:02 linkID 0
[P6] Trigger roam: StartScanning()
NS_ASSERT failed, cond="apInfo.m_linkId < m_scanParams.channelList.size()", +14.900000000s -1 file=/home/lord/ns-3/src/wifi/model/wifi-assoc-manager.cc, line=161
NS_FATAL, terminating
   0# ns3::WifiAssocManager::MatchScanParams(ns3::StaWifiMac::ApInfo const&) const at /home/lord/ns-3/src/wifi/model/wifi-assoc-manager.cc:161
   1# ns3::WifiAssocManager::StartScanning(ns3::WifiScanParams&&) at /home/lord/ns-3/src/wifi/model/wifi-assoc-manager.cc:183
   2# BestApRoamer::TriggerScan() at /home/lord/ns-3/scratch/p6_roaming_multi_ap.cc:696
   3# BestApRoamer::Tick() at /home/lord/ns-3/scratch/p6_roaming_multi_ap.cc:762
   4# ns3::DefaultSimulatorImpl::ProcessOneEvent() at /home/lord/ns-3/src/core/model/default-simulator-impl.cc:131
   5# ns3::DefaultSimulatorImpl::Run() at /home/lord/ns-3/src/core/model/default-simulator-impl.cc:184
   6# main at /home/lord/ns-3/scratch/p6_roaming_multi_ap.cc:1239
   7# __libc_start_call_main at ../sysdeps/nptl/libc_start_call_main.h:58
   8# __libc_start_main_impl at ../csu/libc-start.c:360
   9# _start at :0
  10# 

terminate called without an active exception
Command 'build/scratch/ns3-dev-p6_roaming_multi_ap-default --simTime=30 --appStart=2 --moveStart=5 --apDistance=30 --staSpeed=2.0 --udpRate=20Mbps --pktSize=1200 --interval=0.5 --ssid=wifi6-ter --outDir=/home/lord/wifi-ter-sim/results/p6 --pcap=false --flowmon=true --seed=1 --run=3' died with <Signals.SIGABRT: 6>.
