[0/2] Re-checking globbed directories...
ninja: no work to do.
[0/2] Re-checking globbed directories...
ninja: no work to do.
[P5] apWifiIp=10.1.0.3 apCsmaIp=10.2.0.1 serverIp=10.2.0.2
msg="Incompatible types. (feed to "c++filt -t" if needed)
got=CallbackImpl<void,ns3::Ptr<ns3::Packet const>,ns3::Ipv4Header,ns3::Ipv4L3Protocol::DropReason,ns3::Ptr<ns3::Ipv4>,unsigned int>
expected=CallbackImpl<void,ns3::Ipv4Header,ns3::Ptr<ns3::Packet const>,ns3::Ipv4L3Protocol::DropReason,ns3::Ptr<ns3::Ipv4>,unsigned int>", +0.000000000s -1 file=/home/lord/ns-3/src/core/model/callback.h, line=618
+0.000000000s -1 file=/home/lord/ns-3/src/core/model/traced-callback.h, line=135
NS_FATAL, terminating
   0# ns3::TracedCallback<ns3::Ipv4Header const&, ns3::Ptr<ns3::Packet const>, ns3::Ipv4L3Protocol::DropReason, ns3::Ptr<ns3::Ipv4>, unsigned int>::ConnectWithoutContext(ns3::CallbackBase const&) at /home/lord/ns-3/src/core/model/traced-callback.h:135
   1# ns3::DoMakeTraceSourceAccessor<ns3::Ipv4L3Protocol, ns3::TracedCallback<ns3::Ipv4Header const&, ns3::Ptr<ns3::Packet const>, ns3::Ipv4L3Protocol::DropReason, ns3::Ptr<ns3::Ipv4>, unsigned int> >(ns3::TracedCallback<ns3::Ipv4Header const&, ns3::Ptr<ns3::Packet const>, ns3::Ipv4L3Protocol::DropReason, ns3::Ptr<ns3::Ipv4>, unsigned int> ns3::Ipv4L3Protocol::*)::Accessor::ConnectWithoutContext(ns3::ObjectBase*, ns3::CallbackBase const&) const at /home/lord/ns-3/src/core/model/trace-source-accessor.h:153
   2# ns3::ObjectBase::TraceConnectWithoutContext(std::__cxx11::basic_string<char, std::char_traits<char>, std::allocator<char> >, ns3::CallbackBase const&) at /home/lord/ns-3/src/core/model/object-base.cc:332
   3# ns3::Config::MatchContainer::ConnectWithoutContextFailSafe(std::__cxx11::basic_string<char, std::char_traits<char>, std::allocator<char> >, ns3::CallbackBase const&) at /home/lord/ns-3/src/core/model/config.cc:161
   4# ns3::Config::ConfigImpl::ConnectWithoutContextFailSafe(std::__cxx11::basic_string<char, std::char_traits<char>, std::allocator<char> >, ns3::CallbackBase const&) at /home/lord/ns-3/src/core/model/config.cc:724
   5# ns3::Config::ConnectWithoutContextFailSafe(std::__cxx11::basic_string<char, std::char_traits<char>, std::allocator<char> >, ns3::CallbackBase const&) at /home/lord/ns-3/src/core/model/config.cc:959
   6# ns3::Config::ConnectWithoutContext(std::__cxx11::basic_string<char, std::char_traits<char>, std::allocator<char> >, ns3::CallbackBase const&) at /home/lord/ns-3/src/core/model/config.cc:949
   7# main at /home/lord/ns-3/scratch/p5_multi_sta_fairness.cc:548
   8# __libc_start_call_main at ../sysdeps/nptl/libc_start_call_main.h:58
   9# __libc_start_main_impl at ../csu/libc-start.c:360
  10# _start at :0
  11# 

terminate called without an active exception
Command 'build/scratch/ns3-dev-p5_multi_sta_fairness-default --simTime=20 --appStart=3 --nSta=2 --distance=10 --radius=10 --ssid=wifi6-ter --outDir=/home/lord/wifi-ter-sim/results/p5 --pcap=false --flowmon=true --seed=1 --run=1 --transport=udp --pktSize=1200 --udpRatePerSta=10Mbps --interval=0.5' died with <Signals.SIGABRT: 6>.
