[0/2] Re-checking globbed directories...
ninja: no work to do.
[0/2] Re-checking globbed directories...
ninja: no work to do.
Invalid command-line argument: --channelWidth=20
 [Program Options] [General Arguments]

Program Options:
    --simTime:        Total simulation time (s) [20]
    --appStart:       Application start time (s) [2]
    --nSta:           Number of STA nodes [2]
    --distance:       STA-AP distance for line placement (m) [10]
    --radius:         Radius for circle placement (m). If >0, used as effective distance [10]
    --ssid:           Wi-Fi SSID [wifi6-ter]
    --outDir:         Output directory [results/p5]
    --pcap:           Enable PCAP [false]
    --flowmon:        Enable FlowMonitor [true]
    --seed:           RNG seed [1]
    --run:            RNG run number [1]
    --transport:      udp|tcp [udp]
    --pktSize:        Packet size (bytes) [1200]
    --udpRatePerSta:  UDP offered load per STA (e.g., 10Mbps) [10Mbps]
    --tcpMaxBytes:    TCP max bytes per STA (0 = unlimited) [0]
    --interval:       Throughput sampling interval (s) [0.5]
    --txPowerDbm:     Tx power (dBm) [20]
    --noiseFigureDb:  Rx noise figure (dB) [7]
    --logExp:         LogDistance exponent [3]
    --refDist:        LogDistance reference distance (m) [1]
    --refLoss:        LogDistance reference loss (dB) [46.6777]
    --rateManager:    Wifi remote station manager TypeId [ns3::MinstrelHtWifiManager]

General Arguments:
    --PrintGlobals:              Print the list of globals.
    --PrintGroups:               Print the list of groups.
    --PrintGroup=[group]:        Print all TypeIds of group.
    --PrintTypeIds:              Print all TypeIds.
    --PrintAttributes=[typeid]:  Print all attributes of typeid.
    --PrintVersion:              Print the ns-3 version.
    --PrintHelp:                 Print this help message.

Command 'build/scratch/ns3-dev-p5_multi_sta_fairness-default --simTime=20 --appStart=2 --nSta=5 --distance=10 --radius=10 --transport=tcp --pktSize=1200 --udpRatePerSta=10Mbps --tcpMaxBytes=0 --interval=0.5 --pcap=false --flowmon=true --seed=1 --run=5 --outDir=results/p5 --channelWidth=20 --txPowerDbm=20 --noiseFigureDb=7 --logExp=3 --refDist=1 --refLoss=46.6777 --rateManager=ns3::MinstrelHtWifiManager' returned non-zero exit status 1.
